<?xml version="1.0" encoding="UTF-8"?>
<!-- Generated by org.testng.reporters.JUnitXMLReporter -->
<testsuite ignored="0" hostname="DESKTOP-01H70DH" failures="1" tests="1" name="Test" time="19.868" errors="0" timestamp="2022-03-04T11:11:08 IST">
  <testcase classname="com.crm.OrganizationTests.POMcreateOrgTest" name="createOrgTest" time="8.164">
    <failure type="java.lang.AssertionError" message="null">
      <![CDATA[java.lang.AssertionError: null
at com.crm.OrganizationTests.POMcreateOrgTest.createOrgTest(POMcreateOrgTest.java:37)
at java.base/java.util.ArrayList.forEach(ArrayList.java:1511)
... Removed 29 stack frames]]>
    </failure>
  </testcase> <!-- createOrgTest -->
</testsuite> <!-- Test -->
