<?xml version="1.0" encoding="UTF-8"?>
<testng-results ignored="0" total="1" passed="0" failed="1" skipped="0">
  <reporter-output>
    <line>
      <![CDATA[=====db connection successful=====]]>
    </line>
    <line>
      <![CDATA[====browser launch successful======]]>
    </line>
    <line>
      <![CDATA[=====login successful====]]>
    </line>
    <line>
      <![CDATA[createOrgTest-----Testscripts execution started]]>
    </line>
    <line>
      <![CDATA[createOrgTest------Testscripts Failed]]>
    </line>
    <line>
      <![CDATA[===logout successfull====]]>
    </line>
    <line>
      <![CDATA[====browser close successful======]]>
    </line>
    <line>
      <![CDATA[====DataBase close successful======]]>
    </line>
  </reporter-output>
  <suite started-at="2022-03-16T17:12:25 IST" name="Default suite" finished-at="2022-03-16T17:12:49 IST" duration-ms="24383">
    <groups>
      <group name="RegressionSuite">
        <method signature="CreateOrgWithBaseClasss.createOrgTest()[pri:0, instance:com.crm.OrganizationTests.CreateOrgWithBaseClasss@4d465b11]" name="createOrgTest" class="com.crm.OrganizationTests.CreateOrgWithBaseClasss"/>
      </group> <!-- RegressionSuite -->
    </groups>
    <test started-at="2022-03-16T17:12:25 IST" name="Default test" finished-at="2022-03-16T17:12:49 IST" duration-ms="24383">
      <class name="com.crm.OrganizationTests.CreateOrgWithBaseClasss">
        <test-method is-config="true" signature="connectDataBase()[pri:0, instance:com.crm.OrganizationTests.CreateOrgWithBaseClasss@4d465b11]" started-at="2022-03-16T17:12:25 IST" name="connectDataBase" finished-at="2022-03-16T17:12:25 IST" duration-ms="8" status="PASS">
          <reporter-output>
            <line>
              <![CDATA[=====db connection successful=====]]>
            </line>
          </reporter-output>
        </test-method> <!-- connectDataBase -->
        <test-method is-config="true" signature="launchTheBrowser()[pri:0, instance:com.crm.OrganizationTests.CreateOrgWithBaseClasss@4d465b11]" started-at="2022-03-16T17:12:25 IST" name="launchTheBrowser" finished-at="2022-03-16T17:12:30 IST" duration-ms="5428" status="PASS">
          <reporter-output>
            <line>
              <![CDATA[====browser launch successful======]]>
            </line>
          </reporter-output>
        </test-method> <!-- launchTheBrowser -->
        <test-method is-config="true" signature="login()[pri:0, instance:com.crm.OrganizationTests.CreateOrgWithBaseClasss@4d465b11]" started-at="2022-03-16T17:12:30 IST" name="login" finished-at="2022-03-16T17:12:36 IST" duration-ms="5915" status="PASS">
          <reporter-output>
            <line>
              <![CDATA[=====login successful====]]>
            </line>
          </reporter-output>
        </test-method> <!-- login -->
        <test-method signature="createOrgTest()[pri:0, instance:com.crm.OrganizationTests.CreateOrgWithBaseClasss@4d465b11]" started-at="2022-03-16T17:12:36 IST" name="createOrgTest" finished-at="2022-03-16T17:12:45 IST" duration-ms="8492" status="FAIL">
          <exception class="java.lang.AssertionError">
            <message>
              <![CDATA[null]]>
            </message>
            <full-stacktrace>
              <![CDATA[java.lang.AssertionError: null
at org.testng.Assert.fail(Assert.java:99)
at org.testng.Assert.fail(Assert.java:106)
at com.crm.OrganizationTests.CreateOrgWithBaseClasss.createOrgTest(CreateOrgWithBaseClasss.java:40)
at java.base/jdk.internal.reflect.NativeMethodAccessorImpl.invoke0(Native Method)
at java.base/jdk.internal.reflect.NativeMethodAccessorImpl.invoke(NativeMethodAccessorImpl.java:78)
at java.base/jdk.internal.reflect.DelegatingMethodAccessorImpl.invoke(DelegatingMethodAccessorImpl.java:43)
at java.base/java.lang.reflect.Method.invoke(Method.java:567)
at org.testng.internal.MethodInvocationHelper.invokeMethod(MethodInvocationHelper.java:133)
at org.testng.internal.TestInvoker.invokeMethod(TestInvoker.java:598)
at org.testng.internal.TestInvoker.invokeTestMethod(TestInvoker.java:173)
at org.testng.internal.MethodRunner.runInSequence(MethodRunner.java:46)
at org.testng.internal.TestInvoker$MethodInvocationAgent.invoke(TestInvoker.java:824)
at org.testng.internal.TestInvoker.invokeTestMethods(TestInvoker.java:146)
at org.testng.internal.TestMethodWorker.invokeTestMethods(TestMethodWorker.java:146)
at org.testng.internal.TestMethodWorker.run(TestMethodWorker.java:128)
at java.base/java.util.ArrayList.forEach(ArrayList.java:1511)
at org.testng.TestRunner.privateRun(TestRunner.java:794)
at org.testng.TestRunner.run(TestRunner.java:596)
at org.testng.SuiteRunner.runTest(SuiteRunner.java:377)
at org.testng.SuiteRunner.runSequentially(SuiteRunner.java:371)
at org.testng.SuiteRunner.privateRun(SuiteRunner.java:332)
at org.testng.SuiteRunner.run(SuiteRunner.java:276)
at org.testng.SuiteRunnerWorker.runSuite(SuiteRunnerWorker.java:53)
at org.testng.SuiteRunnerWorker.run(SuiteRunnerWorker.java:96)
at org.testng.TestNG.runSuitesSequentially(TestNG.java:1212)
at org.testng.TestNG.runSuitesLocally(TestNG.java:1134)
at org.testng.TestNG.runSuites(TestNG.java:1063)
at org.testng.TestNG.run(TestNG.java:1031)
at org.testng.remote.AbstractRemoteTestNG.run(AbstractRemoteTestNG.java:115)
at org.testng.remote.RemoteTestNG.initAndRun(RemoteTestNG.java:251)
at org.testng.remote.RemoteTestNG.main(RemoteTestNG.java:77)
]]>
            </full-stacktrace>
          </exception> <!-- java.lang.AssertionError -->
          <reporter-output>
            <line>
              <![CDATA[createOrgTest-----Testscripts execution started]]>
            </line>
            <line>
              <![CDATA[createOrgTest------Testscripts Failed]]>
            </line>
          </reporter-output>
        </test-method> <!-- createOrgTest -->
        <test-method is-config="true" signature="logout()[pri:0, instance:com.crm.OrganizationTests.CreateOrgWithBaseClasss@4d465b11]" started-at="2022-03-16T17:12:45 IST" name="logout" finished-at="2022-03-16T17:12:49 IST" duration-ms="3506" status="PASS">
          <reporter-output>
            <line>
              <![CDATA[===logout successfull====]]>
            </line>
          </reporter-output>
        </test-method> <!-- logout -->
        <test-method is-config="true" signature="closeBrowser()[pri:0, instance:com.crm.OrganizationTests.CreateOrgWithBaseClasss@4d465b11]" started-at="2022-03-16T17:12:49 IST" name="closeBrowser" finished-at="2022-03-16T17:12:49 IST" duration-ms="328" status="PASS">
          <reporter-output>
            <line>
              <![CDATA[====browser close successful======]]>
            </line>
          </reporter-output>
        </test-method> <!-- closeBrowser -->
        <test-method is-config="true" signature="closeDb()[pri:0, instance:com.crm.OrganizationTests.CreateOrgWithBaseClasss@4d465b11]" started-at="2022-03-16T17:12:49 IST" name="closeDb" finished-at="2022-03-16T17:12:49 IST" duration-ms="0" status="PASS">
          <reporter-output>
            <line>
              <![CDATA[====DataBase close successful======]]>
            </line>
          </reporter-output>
        </test-method> <!-- closeDb -->
      </class> <!-- com.crm.OrganizationTests.CreateOrgWithBaseClasss -->
    </test> <!-- Default test -->
  </suite> <!-- Default suite -->
</testng-results>
